[12:39:20.155] [INFO] Storybook upgrade - v10.1.5
[12:39:20.158] [INFO] detect-projects-spinner-start: Detecting projects...
[12:39:20.159] [DEBUG] Finding Storybook projects...
[12:39:20.199] [DEBUG] Found 1 Storybook projects
[12:39:20.200] [INFO] detect-projects-spinner: Detecting projects: 1 projects
[12:39:20.201] [DEBUG] Getting Storybook data...
[12:39:20.201] [DEBUG] Getting Storybook info...
[12:39:20.269] [DEBUG] Loading main config...
[12:39:20.269] [DEBUG] Getting stories paths...
[12:39:20.286] [DEBUG] Getting package manager...
[12:39:20.632] [DEBUG] Getting package.json info for /Users/os/Documents/code/daydreams/lucid-agents/apps/signals/package.json...
[12:39:20.632] [DEBUG] Getting Storybook version...
[12:39:20.633] [DEBUG] /.storybook - Validating before version... 9.1.16
[12:39:20.633] [DEBUG] /.storybook - Validating upgrade compatibility...
[12:39:20.633] [DEBUG] /.storybook - Fetching NPM version information...
[12:39:20.633] [DEBUG] Getting CLI versions from NPM for storybook...
[12:39:20.633] [DEBUG] Executing command: npm info storybook version
[12:39:20.635] [DEBUG] Getting CLI versions from NPM for storybook@next...
[12:39:20.635] [DEBUG] Executing command: npm info storybook@next version
[12:39:21.237] [DEBUG] /.storybook - Evaluating blockers...
[12:39:21.242] [DEBUG] Getting installed version for @storybook/experimental-addon-test...
[12:39:21.242] [DEBUG] Executing command: npm ls --json --depth=99 2>/dev/null
[12:39:24.553] [DEBUG] Executing command: npm ls --json --depth=0 2>/dev/null
[12:39:27.920] [DEBUG] An issue occurred while trying to find dependencies metadata using npm: Error: Command failed with exit code 1: npm ls --json --depth=0 2>/dev/null
{
  "name": "@lucid-agents/root"
}
[12:39:27.921] [INFO] detect-projects-spinner-stop: 1 project detected
[12:39:27.921] [DEBUG] Found 1 valid projects and 0 error projects
[12:39:27.921] [INFO] Upgrading from [1m9.1.16[22m to [1m10.1.5[22m
[12:39:27.922] [INFO] upgrade-dependencies-task-start: Fetching versions to update package.json files..
[12:39:27.922] [DEBUG] Updating dependencies in /.storybook...
[12:39:27.922] [INFO] upgrade-dependencies-task: /package.json
[12:39:27.922] [DEBUG] Using cached package.json for /Users/os/Documents/code/daydreams/lucid-agents/apps/signals/package.json...
[12:39:27.922] [DEBUG] {
  "upgradedDependencies": [
    "@storybook/react-vite@^10.1.5",
    "storybook@^10.1.5"
  ]
}
[12:39:27.922] [DEBUG] {
  "upgradedDevDependencies": []
}
[12:39:27.922] [DEBUG] {
  "upgradedPeerDependencies": []
}
[12:39:27.922] [DEBUG] Getting package.json info for /Users/os/Documents/code/daydreams/lucid-agents/apps/signals/package.json...
[12:39:27.922] [DEBUG] Using cached package.json for /Users/os/Documents/code/daydreams/lucid-agents/apps/signals/package.json...
[12:39:27.922] [DEBUG] Getting CLI versions from NPM for @storybook/react-vite...
[12:39:27.922] [DEBUG] Executing command: npm info @storybook/react-vite version
[12:39:28.577] [DEBUG] Using cached version for storybook...
[12:39:28.577] [DEBUG] Getting package.json info for /Users/os/Documents/code/daydreams/lucid-agents/apps/signals/package.json...
[12:39:28.577] [DEBUG] Using cached package.json for /Users/os/Documents/code/daydreams/lucid-agents/apps/signals/package.json...
[12:39:28.578] [DEBUG] Getting package.json info for /Users/os/Documents/code/daydreams/lucid-agents/apps/signals/package.json...
[12:39:28.578] [DEBUG] Using cached package.json for /Users/os/Documents/code/daydreams/lucid-agents/apps/signals/package.json...
[12:39:28.578] [INFO] upgrade-dependencies-task-success: Updated package versions in package.json files
[12:39:28.578] [INFO] detect-automigrations-task-start: Detecting automigrations...
[12:39:28.578] [DEBUG] Starting automigration collection across 1 projects and 19 fixes...
[12:39:28.578] [INFO] detect-automigrations-task: Checking automigrations for /.storybook...
[12:39:28.578] [DEBUG] Processing project: /.storybook
[12:39:28.578] [DEBUG] Checking fix eslintPlugin for project /.storybook...
[12:39:28.578] [DEBUG] Using cached package.json for /Users/os/Documents/code/daydreams/lucid-agents/apps/signals/package.json...
[12:39:28.578] [DEBUG] Using cached package.json for /Users/os/Documents/code/daydreams/lucid-agents/apps/signals/package.json...
[12:39:28.578] [DEBUG] Checking fix addon-mdx-gfm-remove for project /.storybook...
[12:39:28.578] [DEBUG] Using cached package.json for /Users/os/Documents/code/daydreams/lucid-agents/apps/signals/package.json...
[12:39:28.578] [DEBUG] Checking fix addon-storysource-code-panel for project /.storybook...
[12:39:28.578] [DEBUG] Checking fix upgrade-storybook-related-dependencies for project /.storybook...
[12:39:28.578] [DEBUG] Checking for incompatible storybook packages...
[12:39:28.578] [DEBUG] Using cached package.json for /Users/os/Documents/code/daydreams/lucid-agents/apps/signals/package.json...
[12:39:28.578] [DEBUG] Using cached package.json for /Users/os/Documents/code/daydreams/lucid-agents/apps/signals/package.json...
[12:39:28.578] [DEBUG] Checking fix initial-globals for project /.storybook...
[12:39:28.587] [DEBUG] Checking fix addon-globals-api for project /.storybook...
[12:39:28.588] [DEBUG] Checking fix addon-a11y-addon-test for project /.storybook...
[12:39:28.588] [DEBUG] Checking fix consolidated-imports for project /.storybook...
[12:39:28.588] [DEBUG] Checking fix addon-experimental-test for project /.storybook...
[12:39:28.588] [DEBUG] Using cached installed version for @storybook/experimental-addon-test...
[12:39:28.588] [DEBUG] Checking fix rnstorybook-config for project /.storybook...
[12:39:28.588] [DEBUG] Using cached package.json for /Users/os/Documents/code/daydreams/lucid-agents/apps/signals/package.json...
[12:39:28.588] [DEBUG] Checking fix migrate-addon-console for project /.storybook...
[12:39:28.588] [DEBUG] Using cached package.json for /Users/os/Documents/code/daydreams/lucid-agents/apps/signals/package.json...
[12:39:28.588] [DEBUG] Checking fix nextjs-to-nextjs-vite for project /.storybook...
[12:39:28.588] [DEBUG] Using cached package.json for /Users/os/Documents/code/daydreams/lucid-agents/apps/signals/package.json...
[12:39:28.588] [DEBUG] Checking fix remove-addon-interactions for project /.storybook...
[12:39:28.588] [DEBUG] Using cached package.json for /Users/os/Documents/code/daydreams/lucid-agents/apps/signals/package.json...
[12:39:28.588] [DEBUG] Checking fix renderer-to-framework for project /.storybook...
[12:39:28.589] [DEBUG] Checking fix remove-essential-addons for project /.storybook...
[12:39:28.589] [DEBUG] Using cached package.json for /Users/os/Documents/code/daydreams/lucid-agents/apps/signals/package.json...
[12:39:28.589] [DEBUG] Checking fix addon-a11y-parameters for project /.storybook...
[12:39:28.589] [DEBUG] Checking fix remove-docs-autodocs for project /.storybook...
[12:39:28.592] [DEBUG] Checking fix wrap-getAbsolutePath for project /.storybook...
[12:39:28.594] [DEBUG] Checking fix fix-faux-esm-require for project /.storybook...
[12:39:28.594] [INFO] detect-automigrations-task: 
Automigrations detected:
[12:39:28.594] [INFO] detect-automigrations-task-success: No automigrations detected
[12:39:28.595] [DEBUG] Completed automigrations for /.storybook
[12:39:28.595] [INFO] Installing dependencies...
[12:39:28.595] [INFO] install-dependencies-spinner-start: Installing dependencies...
[12:39:28.595] [DEBUG] Executing command: npm install --force
[12:39:34.162] [ERROR] Installation of dependencies failed! {"error":"Error: Command failed with exit code 1: npm install --force\nnpm warn using --force Recommended protections disabled.\nnpm error code EUNSUPPORTEDPROTOCOL\nnpm error Unsupported URL Type \"catalog:\": catalog:\nnpm error A complete log of this run can be found in: /Users/os/.npm/_logs/2025-12-10T01_39_28_638Z-debug-0.log\n    at makeError (file:///Users/os/.npm/_npx/87e1f5141cf34ed4/node_modules/storybook/dist/_node-chunks/chunk-RZ3SV46Y.js:12912:95)\n    at file:///Users/os/.npm/_npx/87e1f5141cf34ed4/node_modules/storybook/dist/_node-chunks/chunk-RZ3SV46Y.js:13486:27\n    at process.processTicksAndRejections (node:internal/process/task_queues:105:5)\n    at async Object.executeTaskWithSpinner (file:///Users/os/.npm/_npx/87e1f5141cf34ed4/node_modules/storybook/dist/_node-chunks/chunk-FD76ZM2X.js:3701:11)\n    at async NPMProxy.installDependencies (file:///Users/os/.npm/_npx/87e1f5141cf34ed4/node_modules/storybook/dist/_node-chunks/chunk-RZ3SV46Y.js:11259:5)\n    at async upgrade (file:///Users/os/.npm/_npx/87e1f5141cf34ed4/node_modules/@storybook/cli/dist/_node-chunks/run-J4NXUUGU.js:9414:41)\n    at async file:///Users/os/.npm/_npx/87e1f5141cf34ed4/node_modules/@storybook/cli/dist/_node-chunks/run-J4NXUUGU.js:9549:70\n    at async withTelemetry (file:///Users/os/.npm/_npx/87e1f5141cf34ed4/node_modules/storybook/dist/_node-chunks/chunk-VGBOM5PD.js:209:12)\n    at async Command.<anonymous> (file:///Users/os/.npm/_npx/87e1f5141cf34ed4/node_modules/@storybook/cli/dist/_node-chunks/run-J4NXUUGU.js:9545:3)"}
[12:39:34.162] [ERROR] install-dependencies-spinner-error: [31mInstallation of dependencies failed![39m
[12:39:34.163] [ERROR] [38;2;241;97;97mError: Command failed with exit code 1: npm install --force
npm warn using --force Recommended protections disabled.
npm error code EUNSUPPORTEDPROTOCOL
npm error Unsupported URL Type "catalog:": catalog:
npm error A complete log of this run can be found in: /Users/os/.npm/_logs/2025-12-10T01_39_28_638Z-debug-0.log[39m
    at makeError (file:///Users/os/.npm/_npx/87e1f5141cf34ed4/node_modules/storybook/dist/_node-chunks/chunk-RZ3SV46Y.js:12912:95)
    at file:///Users/os/.npm/_npx/87e1f5141cf34ed4/node_modules/storybook/dist/_node-chunks/chunk-RZ3SV46Y.js:13486:27
    at process.processTicksAndRejections (node:internal/process/task_queues:105:5)
    at async Object.executeTaskWithSpinner (file:///Users/os/.npm/_npx/87e1f5141cf34ed4/node_modules/storybook/dist/_node-chunks/chunk-FD76ZM2X.js:3701:11)
    at async NPMProxy.installDependencies (file:///Users/os/.npm/_npx/87e1f5141cf34ed4/node_modules/storybook/dist/_node-chunks/chunk-RZ3SV46Y.js:11259:5)
    at async upgrade (file:///Users/os/.npm/_npx/87e1f5141cf34ed4/node_modules/@storybook/cli/dist/_node-chunks/run-J4NXUUGU.js:9414:41)
    at async file:///Users/os/.npm/_npx/87e1f5141cf34ed4/node_modules/@storybook/cli/dist/_node-chunks/run-J4NXUUGU.js:9549:70
    at async withTelemetry (file:///Users/os/.npm/_npx/87e1f5141cf34ed4/node_modules/storybook/dist/_node-chunks/chunk-VGBOM5PD.js:209:12)
    at async Command.<anonymous> (file:///Users/os/.npm/_npx/87e1f5141cf34ed4/node_modules/@storybook/cli/dist/_node-chunks/run-J4NXUUGU.js:9545:3)
[12:39:34.778] [ERROR] Error: Command failed with exit code 1: npm install --force
npm warn using --force Recommended protections disabled.
npm error code EUNSUPPORTEDPROTOCOL
npm error Unsupported URL Type "catalog:": catalog:
npm error A complete log of this run can be found in: /Users/os/.npm/_logs/2025-12-10T01_39_28_638Z-debug-0.log